<?xml version="1.0" encoding="UTF-8"?>
<!-- Generated by org.testng.reporters.JUnitXMLReporter -->
<testsuite ignored="0" hostname="DESKTOP-N8KHEL2" failures="1" tests="1" name="ChromeTest" time="24.344" errors="0" timestamp="2022-07-06T16:48:38 IST">
  <testcase classname="newKiteTest.ValidateUserNameUsingProp" name="validateUserName" time="2.241">
    <failure type="java.lang.AssertionError" message="actual and expected user name does not match TC is Failed did not expect [ELR321] but found [ELR321]">
      <![CDATA[java.lang.AssertionError: actual and expected user name does not match TC is Failed did not expect [ELR321] but found [ELR321]
at newKiteTest.ValidateUserNameUsingProp.validateUserName(ValidateUserNameUsingProp.java:66)
at java.base/java.util.ArrayList.forEach(ArrayList.java:1541)
... Removed 31 stack frames]]>
    </failure>
  </testcase> <!-- validateUserName -->
</testsuite> <!-- ChromeTest -->
